DEBUG [2015-12-10 15:04:09,746] xof.spider.database.AbstractFrontier:25 - AbstractFrontier: open environment in db 
DEBUG [2015-12-10 15:04:10,075] xof.spider.database.BDBFrontier:32 - BDBFrontier: entrys [http://www.163.com=xof.spider.url.CrawlUrl@457ab7ae] 
DEBUG [2015-12-10 15:04:10,093] xof.spider.database.BDBFrontier:87 - http://www.163.com 
DEBUG [2015-12-10 16:26:28,336] xof.spider.database.AbstractFrontier:25 - AbstractFrontier: open environment in db 
DEBUG [2015-12-10 16:28:23,178] xof.spider.database.AbstractFrontier:25 - AbstractFrontier: open environment in db 
DEBUG [2015-12-10 16:28:23,618] xof.spider.database.BDBFrontier:32 - BDBFrontier: entrys [http://www.1.com=xof.spider.url.CrawlUrl@76d53356,http://www.2.com=xof.spider.url.CrawlUrl@7bb12424] 
DEBUG [2015-12-10 16:28:23,633] xof.spider.database.BDBFrontier:90 - first url http://www.1.com 
DEBUG [2015-12-10 16:29:26,988] xof.spider.database.AbstractFrontier:25 - AbstractFrontier: open environment in db 
DEBUG [2015-12-10 16:29:27,330] xof.spider.database.BDBFrontier:32 - BDBFrontier: entrys [http://www.2.com=xof.spider.url.CrawlUrl@37ba3e33] 
DEBUG [2015-12-10 16:29:27,356] xof.spider.database.BDBFrontier:90 - first url http://www.2.com 
DEBUG [2015-12-10 16:51:13,745] xof.spider.database.AbstractFrontier:25 - AbstractFrontier: open environment in db 
DEBUG [2015-12-10 16:51:14,184] xof.spider.database.AbstractFrontier:25 - AbstractFrontier: open environment in db 
DEBUG [2015-12-10 16:51:14,184] xof.spider.database.AbstractFrontier:25 - AbstractFrontier: open environment in db 
DEBUG [2015-12-10 16:51:14,184] xof.spider.database.AbstractFrontier:25 - AbstractFrontier: open environment in db 
DEBUG [2015-12-10 16:51:14,184] xof.spider.database.AbstractFrontier:25 - AbstractFrontier: open environment in db 
DEBUG [2015-12-10 16:51:14,212] xof.spider.database.BDBFrontier:32 - BDBFrontier: entrys [http://www.1.com=xof.spider.url.CrawlUrl@40494e54,http://www.2.com=xof.spider.url.CrawlUrl@5f84f84,http://www.3.com=xof.spider.url.CrawlUrl@6c1b2a5c] 
DEBUG [2015-12-10 16:51:14,212] xof.spider.database.BDBFrontier:32 - BDBFrontier: entrys [http://www.1.com=xof.spider.url.CrawlUrl@4d6f361b,http://www.2.com=xof.spider.url.CrawlUrl@712c662b,http://www.3.com=xof.spider.url.CrawlUrl@6b7a3576] 
DEBUG [2015-12-10 16:51:14,212] xof.spider.database.BDBFrontier:32 - BDBFrontier: entrys [http://www.1.com=xof.spider.url.CrawlUrl@4d6f361b,http://www.2.com=xof.spider.url.CrawlUrl@19e7cb19,http://www.3.com=xof.spider.url.CrawlUrl@244c0d1a] 
DEBUG [2015-12-10 16:51:14,212] xof.spider.database.BDBFrontier:32 - BDBFrontier: entrys [http://www.1.com=xof.spider.url.CrawlUrl@cb58dc5,http://www.2.com=xof.spider.url.CrawlUrl@5144f423,http://www.3.com=xof.spider.url.CrawlUrl@7cf03893] 
DEBUG [2015-12-10 16:51:14,224] xof.spider.examples.DBTest$dbTHread:54 - dbTHread 3 first url http://www.1.com 
DEBUG [2015-12-10 16:51:14,225] xof.spider.examples.DBTest$dbTHread:54 - dbTHread 0 first url http://www.1.com 
DEBUG [2015-12-10 16:51:14,225] xof.spider.examples.DBTest$dbTHread:54 - dbTHread 1 first url http://www.1.com 
DEBUG [2015-12-10 16:51:14,225] xof.spider.examples.DBTest$dbTHread:54 - dbTHread 2 first url http://www.1.com 
DEBUG [2015-12-10 16:53:23,820] xof.spider.database.AbstractFrontier:25 - AbstractFrontier: open environment in db 
DEBUG [2015-12-10 16:53:23,820] xof.spider.database.AbstractFrontier:25 - AbstractFrontier: open environment in db 
DEBUG [2015-12-10 16:53:23,820] xof.spider.database.AbstractFrontier:25 - AbstractFrontier: open environment in db 
DEBUG [2015-12-10 16:53:23,820] xof.spider.database.AbstractFrontier:25 - AbstractFrontier: open environment in db 
DEBUG [2015-12-10 16:53:24,202] xof.spider.database.BDBFrontier:32 - BDBFrontier: entrys [http://www.2.com=xof.spider.url.CrawlUrl@6b58826e,http://www.3.com=xof.spider.url.CrawlUrl@6371be16] 
DEBUG [2015-12-10 16:53:24,202] xof.spider.database.BDBFrontier:32 - BDBFrontier: entrys [http://www.2.com=xof.spider.url.CrawlUrl@6b58826e,http://www.3.com=xof.spider.url.CrawlUrl@4076c95b] 
DEBUG [2015-12-10 16:53:24,202] xof.spider.database.BDBFrontier:32 - BDBFrontier: entrys [http://www.2.com=xof.spider.url.CrawlUrl@11f26f44,http://www.3.com=xof.spider.url.CrawlUrl@369d966d] 
DEBUG [2015-12-10 16:53:24,202] xof.spider.database.BDBFrontier:32 - BDBFrontier: entrys [http://www.2.com=xof.spider.url.CrawlUrl@7fdb3ad0,http://www.3.com=xof.spider.url.CrawlUrl@23feea1e] 
DEBUG [2015-12-10 16:53:24,234] xof.spider.examples.DBTest$dbTHread:54 - dbTHread 3 first url http://www.2.com 
DEBUG [2015-12-10 16:53:24,235] xof.spider.examples.DBTest$dbTHread:54 - dbTHread 1 first url http://www.2.com 
DEBUG [2015-12-10 16:53:24,235] xof.spider.examples.DBTest$dbTHread:54 - dbTHread 2 first url http://www.2.com 
DEBUG [2015-12-10 16:53:24,235] xof.spider.examples.DBTest$dbTHread:54 - dbTHread 0 first url http://www.2.com 
DEBUG [2015-12-10 16:58:37,416] xof.spider.database.AbstractFrontier:25 - AbstractFrontier: open environment in db 
DEBUG [2015-12-10 16:58:37,776] xof.spider.database.AbstractFrontier:25 - AbstractFrontier: open environment in db 
DEBUG [2015-12-10 16:58:37,813] xof.spider.database.BDBFrontier:32 - BDBFrontier: entrys [http://www.1.com=xof.spider.url.CrawlUrl@47c7d682,http://www.2.com=xof.spider.url.CrawlUrl@63ad5dee,http://www.3.com=xof.spider.url.CrawlUrl@af1e762] 
DEBUG [2015-12-10 16:58:37,822] xof.spider.examples.DBTest$dbTHread:59 - dbTHread 0 first url http://www.1.com 
DEBUG [2015-12-10 16:58:37,822] xof.spider.database.BDBFrontier:32 - BDBFrontier: entrys [http://www.2.com=xof.spider.url.CrawlUrl@3ebc78ed,http://www.3.com=xof.spider.url.CrawlUrl@47a72fc8] 
DEBUG [2015-12-10 16:58:37,824] xof.spider.examples.DBTest$dbTHread:59 - dbTHread 3 first url http://www.2.com 
DEBUG [2015-12-10 16:58:37,825] xof.spider.database.BDBFrontier:32 - BDBFrontier: entrys [http://www.3.com=xof.spider.url.CrawlUrl@6eee1626] 
DEBUG [2015-12-10 16:58:37,827] xof.spider.examples.DBTest$dbTHread:59 - dbTHread 2 first url http://www.3.com 
