ERROR [2015-12-11 01:56:15,856] xof.spider.daemon.DaemonService$CrawlThread:141 - CrawlThread 0 errors occur for https://usereg.tsinghua.edu.cn 
javax.net.ssl.SSLHandshakeException: sun.security.validator.ValidatorException: PKIX path building failed: sun.security.provider.certpath.SunCertPathBuilderException: unable to find valid certification path to requested target
	at sun.security.ssl.Alerts.getSSLException(Alerts.java:192) ~[na:1.7.0_60-ea]
	at sun.security.ssl.SSLSocketImpl.fatal(SSLSocketImpl.java:1884) ~[na:1.7.0_60-ea]
	at sun.security.ssl.Handshaker.fatalSE(Handshaker.java:276) ~[na:1.7.0_60-ea]
	at sun.security.ssl.Handshaker.fatalSE(Handshaker.java:270) ~[na:1.7.0_60-ea]
	at sun.security.ssl.ClientHandshaker.serverCertificate(ClientHandshaker.java:1341) ~[na:1.7.0_60-ea]
	at sun.security.ssl.ClientHandshaker.processMessage(ClientHandshaker.java:153) ~[na:1.7.0_60-ea]
	at sun.security.ssl.Handshaker.processLoop(Handshaker.java:868) ~[na:1.7.0_60-ea]
	at sun.security.ssl.Handshaker.process_record(Handshaker.java:804) ~[na:1.7.0_60-ea]
	at sun.security.ssl.SSLSocketImpl.readRecord(SSLSocketImpl.java:1016) ~[na:1.7.0_60-ea]
	at sun.security.ssl.SSLSocketImpl.performInitialHandshake(SSLSocketImpl.java:1312) ~[na:1.7.0_60-ea]
	at sun.security.ssl.SSLSocketImpl.startHandshake(SSLSocketImpl.java:1339) ~[na:1.7.0_60-ea]
	at sun.security.ssl.SSLSocketImpl.startHandshake(SSLSocketImpl.java:1323) ~[na:1.7.0_60-ea]
	at org.apache.http.conn.ssl.SSLConnectionSocketFactory.createLayeredSocket(SSLConnectionSocketFactory.java:394) ~[httpclient-4.5.1.jar:4.5.1]
	at org.apache.http.conn.ssl.SSLConnectionSocketFactory.connectSocket(SSLConnectionSocketFactory.java:353) ~[httpclient-4.5.1.jar:4.5.1]
	at org.apache.http.impl.conn.DefaultHttpClientConnectionOperator.connect(DefaultHttpClientConnectionOperator.java:134) ~[httpclient-4.5.1.jar:4.5.1]
	at org.apache.http.impl.conn.PoolingHttpClientConnectionManager.connect(PoolingHttpClientConnectionManager.java:353) ~[httpclient-4.5.1.jar:4.5.1]
	at org.apache.http.impl.execchain.MainClientExec.establishRoute(MainClientExec.java:380) ~[httpclient-4.5.1.jar:4.5.1]
	at org.apache.http.impl.execchain.MainClientExec.execute(MainClientExec.java:236) ~[httpclient-4.5.1.jar:4.5.1]
	at org.apache.http.impl.execchain.ProtocolExec.execute(ProtocolExec.java:184) ~[httpclient-4.5.1.jar:4.5.1]
	at org.apache.http.impl.execchain.RetryExec.execute(RetryExec.java:88) ~[httpclient-4.5.1.jar:4.5.1]
	at org.apache.http.impl.execchain.RedirectExec.execute(RedirectExec.java:110) ~[httpclient-4.5.1.jar:4.5.1]
	at org.apache.http.impl.client.InternalHttpClient.doExecute(InternalHttpClient.java:184) ~[httpclient-4.5.1.jar:4.5.1]
	at org.apache.http.impl.client.CloseableHttpClient.execute(CloseableHttpClient.java:71) ~[httpclient-4.5.1.jar:4.5.1]
	at org.apache.http.impl.client.CloseableHttpClient.execute(CloseableHttpClient.java:220) ~[httpclient-4.5.1.jar:4.5.1]
	at org.apache.http.impl.client.CloseableHttpClient.execute(CloseableHttpClient.java:164) ~[httpclient-4.5.1.jar:4.5.1]
	at org.apache.http.impl.client.CloseableHttpClient.execute(CloseableHttpClient.java:139) ~[httpclient-4.5.1.jar:4.5.1]
	at xof.spider.web.WebSpider.getWebContent(WebSpider.java:43) ~[classes/:na]
	at xof.spider.daemon.DaemonService$CrawlThread.handleWeb(DaemonService.java:136) [classes/:na]
	at xof.spider.daemon.DaemonService$CrawlThread.run(DaemonService.java:102) [classes/:na]
	at java.util.concurrent.ThreadPoolExecutor.runWorker(ThreadPoolExecutor.java:1145) [na:1.7.0_60-ea]
	at java.util.concurrent.ThreadPoolExecutor$Worker.run(ThreadPoolExecutor.java:615) [na:1.7.0_60-ea]
	at java.lang.Thread.run(Thread.java:745) [na:1.7.0_60-ea]
Caused by: sun.security.validator.ValidatorException: PKIX path building failed: sun.security.provider.certpath.SunCertPathBuilderException: unable to find valid certification path to requested target
	at sun.security.validator.PKIXValidator.doBuild(PKIXValidator.java:385) ~[na:1.7.0_60-ea]
	at sun.security.validator.PKIXValidator.engineValidate(PKIXValidator.java:292) ~[na:1.7.0_60-ea]
	at sun.security.validator.Validator.validate(Validator.java:260) ~[na:1.7.0_60-ea]
	at sun.security.ssl.X509TrustManagerImpl.validate(X509TrustManagerImpl.java:326) ~[na:1.7.0_60-ea]
	at sun.security.ssl.X509TrustManagerImpl.checkTrusted(X509TrustManagerImpl.java:231) ~[na:1.7.0_60-ea]
	at sun.security.ssl.X509TrustManagerImpl.checkServerTrusted(X509TrustManagerImpl.java:126) ~[na:1.7.0_60-ea]
	at sun.security.ssl.ClientHandshaker.serverCertificate(ClientHandshaker.java:1323) ~[na:1.7.0_60-ea]
	... 27 common frames omitted
Caused by: sun.security.provider.certpath.SunCertPathBuilderException: unable to find valid certification path to requested target
	at sun.security.provider.certpath.SunCertPathBuilder.engineBuild(SunCertPathBuilder.java:196) ~[na:1.7.0_60-ea]
	at java.security.cert.CertPathBuilder.build(CertPathBuilder.java:268) ~[na:1.7.0_60-ea]
	at sun.security.validator.PKIXValidator.doBuild(PKIXValidator.java:380) ~[na:1.7.0_60-ea]
	... 33 common frames omitted
